[info] Log at : 2023/9/4|17:35:07|GMT+0800

[info] Log at : 2023/9/4|17:45:56|GMT+0800

[info] Log at : 2023/9/4|17:51:20|GMT+0800

[info] Log at : 2023/9/4|17:55:20|GMT+0800

[info] Log at : 2023/9/4|21:06:15|GMT+0800

[info] Log at : 2023/9/4|21:08:28|GMT+0800

[info] Log at : 2023/9/4|21:20:25|GMT+0800

[info] Log at : 2023/9/4|21:20:38|GMT+0800

[info] Log at : 2023/9/4|22:11:30|GMT+0800

[info] Log at : 2023/9/4|22:17:26|GMT+0800

[info] Log at : 2023/9/4|22:25:34|GMT+0800

[info] Log at : 2023/9/4|22:37:03|GMT+0800

[info] Log at : 2023/9/4|22:45:02|GMT+0800

[info] Log at : 2023/9/4|22:46:25|GMT+0800

[info] Log at : 2023/9/4|22:48:12|GMT+0800

[SyntaxError: Unexpected token 's', ..."_asm(x)=",s
        "... is not valid JSON
	at JSON.parse (<anonymous>)
	at F.updateCppProperties (c:\Users\G\.vscode\extensions\cl.keil-assistant-1.7.0\dist\extension.js:1:10911)
	at F.<anonymous> (c:\Users\G\.vscode\extensions\cl.keil-assistant-1.7.0\dist\extension.js:1:12641)
	at Generator.next (<anonymous>)
	at c:\Users\G\.vscode\extensions\cl.keil-assistant-1.7.0\dist\extension.js:1:4542
	at new Promise (<anonymous>)
	at r (c:\Users\G\.vscode\extensions\cl.keil-assistant-1.7.0\dist\extension.js:1:4287)
	at F.load (c:\Users\G\.vscode\extensions\cl.keil-assistant-1.7.0\dist\extension.js:1:11372)
	at w.<anonymous> (c:\Users\G\.vscode\extensions\cl.keil-assistant-1.7.0\dist\extension.js:1:8799)
	at Generator.next (<anonymous>)
	at a (c:\Users\G\.vscode\extensions\cl.keil-assistant-1.7.0\dist\extension.js:1:4344)]
[info] project closed: RESTART
